<?xml version="1.0" encoding="UTF-8"?>
<!-- Generated by org.testng.reporters.JUnitReportReporter -->
<testsuite hostname="CIL19101258.local" failures="0" tests="1" name="Suite.test" time="2.806" errors="0" timestamp="24 Aug 2021 08:24:50 GMT" skipped="0">
  <testcase classname="Suite.test" name="gtest" time="2.806"/>
</testsuite> <!-- Suite.test -->
