<?xml version="1.0" encoding="UTF-8"?>
<!-- Generated by org.testng.reporters.JUnitReportReporter -->
<testsuite hostname="CIL19101258.local" failures="0" tests="2" name="Suite.test" time="3.073" errors="0" timestamp="24 Aug 2021 17:55:28 GMT" skipped="0">
  <testcase classname="Suite.test" name="GET_List" time="1.829"/>
  <testcase classname="Suite.test" name="POST_List" time="1.244"/>
</testsuite> <!-- Suite.test -->
